Line 141: Class MSAdodcLib.Adodc of control Adodc1 was not a loaded control class.
Line 187: Class MSDataGridLib.DataGrid of control DataGrid1 was not a loaded control class.
Line 146: The property name _ExtentX in Adodc1 is invalid.
Line 147: The property name _ExtentY in Adodc1 is invalid.
Line 148: The property name ConnectMode in Adodc1 is invalid.
Line 149: The property name CursorLocation in Adodc1 is invalid.
Line 150: The property name IsolationLevel in Adodc1 is invalid.
Line 151: The property name ConnectionTimeout in Adodc1 is invalid.
Line 152: The property name CommandTimeout in Adodc1 is invalid.
Line 153: The property name CursorType in Adodc1 is invalid.
Line 154: The property name LockType in Adodc1 is invalid.
Line 155: The property name CommandType in Adodc1 is invalid.
Line 156: The property name CursorOptions in Adodc1 is invalid.
Line 157: The property name CacheSize in Adodc1 is invalid.
Line 158: The property name MaxRecords in Adodc1 is invalid.
Line 159: The property name BOFAction in Adodc1 is invalid.
Line 160: The property name EOFAction in Adodc1 is invalid.
Line 161: The property name ConnectStringType in Adodc1 is invalid.
Line 165: The property name Orientation in Adodc1 is invalid.
Line 167: The property name Connect in Adodc1 is invalid.
Line 168: The property name OLEDBString in Adodc1 is invalid.
Line 169: The property name OLEDBFile in Adodc1 is invalid.
Line 170: The property name DataSourceName in Adodc1 is invalid.
Line 171: The property name OtherAttributes in Adodc1 is invalid.
Line 172: The property name UserName in Adodc1 is invalid.
Line 173: The property name Password in Adodc1 is invalid.
Line 174: The property name RecordSource in Adodc1 is invalid.
Line 175: The property name Caption in Adodc1 is invalid.
Line 185: The property name _Version in Adodc1 is invalid.
Line 188: The property name Bindings in DataGrid1 is invalid.
Line 194: The property name _ExtentX in DataGrid1 is invalid.
Line 195: The property name _ExtentY in DataGrid1 is invalid.
Line 196: The property name _Version in DataGrid1 is invalid.
Line 197: The property name AllowUpdate in DataGrid1 is invalid.
Line 198: The property name AllowArrows in DataGrid1 is invalid.
Line 199: The property name HeadLines in DataGrid1 is invalid.
Line 200: The property name RowHeight in DataGrid1 is invalid.
Line 201: The property name FormatLocked in DataGrid1 is invalid.
Line 210: The property name HeadFont in DataGrid1 is invalid.
Line 220: The property name ColumnCount in DataGrid1 is invalid.
Line 233: The property name Column00 in DataGrid1 is invalid.
Line 246: The property name Column01 in DataGrid1 is invalid.
Line 259: The property name Column02 in DataGrid1 is invalid.
Line 272: The property name Column03 in DataGrid1 is invalid.
Line 285: The property name Column04 in DataGrid1 is invalid.
Line 286: The property name SplitCount in DataGrid1 is invalid.
Line 303: The property name Split0 in DataGrid1 is invalid.
Line 146: The property name _ExtentX in Adodc1 is invalid.
Line 147: The property name _ExtentY in Adodc1 is invalid.
Line 148: The property name ConnectMode in Adodc1 is invalid.
Line 149: The property name CursorLocation in Adodc1 is invalid.
Line 150: The property name IsolationLevel in Adodc1 is invalid.
Line 151: The property name ConnectionTimeout in Adodc1 is invalid.
Line 152: The property name CommandTimeout in Adodc1 is invalid.
Line 153: The property name CursorType in Adodc1 is invalid.
Line 154: The property name LockType in Adodc1 is invalid.
Line 155: The property name CommandType in Adodc1 is invalid.
Line 156: The property name CursorOptions in Adodc1 is invalid.
Line 157: The property name CacheSize in Adodc1 is invalid.
Line 158: The property name MaxRecords in Adodc1 is invalid.
Line 159: The property name BOFAction in Adodc1 is invalid.
Line 160: The property name EOFAction in Adodc1 is invalid.
Line 161: The property name ConnectStringType in Adodc1 is invalid.
Line 165: The property name Orientation in Adodc1 is invalid.
Line 167: The property name Connect in Adodc1 is invalid.
Line 168: The property name OLEDBString in Adodc1 is invalid.
Line 169: The property name OLEDBFile in Adodc1 is invalid.
Line 170: The property name DataSourceName in Adodc1 is invalid.
Line 171: The property name OtherAttributes in Adodc1 is invalid.
Line 172: The property name UserName in Adodc1 is invalid.
Line 173: The property name Password in Adodc1 is invalid.
Line 174: The property name RecordSource in Adodc1 is invalid.
Line 175: The property name Caption in Adodc1 is invalid.
Line 185: The property name _Version in Adodc1 is invalid.
Line 188: The property name Bindings in DataGrid1 is invalid.
Line 194: The property name _ExtentX in DataGrid1 is invalid.
Line 195: The property name _ExtentY in DataGrid1 is invalid.
Line 196: The property name _Version in DataGrid1 is invalid.
Line 197: The property name AllowUpdate in DataGrid1 is invalid.
Line 198: The property name AllowArrows in DataGrid1 is invalid.
Line 199: The property name HeadLines in DataGrid1 is invalid.
Line 200: The property name RowHeight in DataGrid1 is invalid.
Line 201: The property name FormatLocked in DataGrid1 is invalid.
Line 210: The property name HeadFont in DataGrid1 is invalid.
Line 220: The property name ColumnCount in DataGrid1 is invalid.
Line 233: The property name Column00 in DataGrid1 is invalid.
Line 246: The property name Column01 in DataGrid1 is invalid.
Line 259: The property name Column02 in DataGrid1 is invalid.
Line 272: The property name Column03 in DataGrid1 is invalid.
Line 285: The property name Column04 in DataGrid1 is invalid.
Line 286: The property name SplitCount in DataGrid1 is invalid.
Line 303: The property name Split0 in DataGrid1 is invalid.
